2025-08-05 20:09:52,041 - INFO - Starting INSAT Feature Extraction Pipeline...
2025-08-05 20:09:52,042 - INFO - Processing state: Delhi
2025-08-05 20:09:52,043 - INFO - Processing station Delhi_DL009
2025-08-05 20:09:52,137 - INFO - Found 6810 images for Delhi_DL009
2025-08-05 20:11:27,991 - INFO - Extracted features from 6672 images for Delhi_DL009
2025-08-05 20:11:28,245 - INFO - Saved enhanced dataset: c:\Users\Lalit Hire\OneDrive\Desktop\APE_07\data\processed_data\Delhi_DL009_enhanced.csv
2025-08-05 20:11:28,251 - INFO - Processing station Delhi_DL011
2025-08-05 20:11:28,590 - INFO - Found 6810 images for Delhi_DL011
2025-08-05 20:13:41,869 - INFO - Extracted features from 6398 images for Delhi_DL011
2025-08-05 20:13:42,129 - INFO - Saved enhanced dataset: c:\Users\Lalit Hire\OneDrive\Desktop\APE_07\data\processed_data\Delhi_DL011_enhanced.csv
2025-08-05 20:13:42,135 - INFO - Processing station Delhi_DL022
2025-08-05 20:13:42,239 - INFO - Found 6810 images for Delhi_DL022
2025-08-05 20:15:56,391 - INFO - Extracted features from 6466 images for Delhi_DL022
2025-08-05 20:15:56,649 - INFO - Saved enhanced dataset: c:\Users\Lalit Hire\OneDrive\Desktop\APE_07\data\processed_data\Delhi_DL022_enhanced.csv
2025-08-05 20:15:56,654 - INFO - Processing station Delhi_DL024
2025-08-05 20:15:56,761 - INFO - Found 6810 images for Delhi_DL024
2025-08-05 20:18:10,690 - INFO - Extracted features from 6748 images for Delhi_DL024
2025-08-05 20:18:10,970 - INFO - Saved enhanced dataset: c:\Users\Lalit Hire\OneDrive\Desktop\APE_07\data\processed_data\Delhi_DL024_enhanced.csv
2025-08-05 20:18:10,975 - INFO - Processing station Delhi_DL029
2025-08-05 20:18:11,064 - INFO - Found 6810 images for Delhi_DL029
2025-08-05 20:20:25,754 - INFO - Extracted features from 6730 images for Delhi_DL029
2025-08-05 20:20:26,027 - INFO - Saved enhanced dataset: c:\Users\Lalit Hire\OneDrive\Desktop\APE_07\data\processed_data\Delhi_DL029_enhanced.csv
2025-08-05 20:20:26,032 - INFO - Processing state: Haryana
2025-08-05 20:20:26,034 - INFO - Processing station Haryana_HR001
2025-08-05 20:20:26,351 - INFO - Found 6810 images for Haryana_HR001
2025-08-05 20:22:40,089 - INFO - Extracted features from 6180 images for Haryana_HR001
2025-08-05 20:22:40,336 - INFO - Saved enhanced dataset: c:\Users\Lalit Hire\OneDrive\Desktop\APE_07\data\processed_data\Haryana_HR001_enhanced.csv
2025-08-05 20:22:40,342 - INFO - Processing station Haryana_HR002
2025-08-05 20:22:40,805 - INFO - Found 6810 images for Haryana_HR002
2025-08-05 20:24:53,799 - INFO - Extracted features from 5078 images for Haryana_HR002
2025-08-05 20:24:54,010 - INFO - Saved enhanced dataset: c:\Users\Lalit Hire\OneDrive\Desktop\APE_07\data\processed_data\Haryana_HR002_enhanced.csv
2025-08-05 20:24:54,016 - INFO - Processing station Haryana_HR003
2025-08-05 20:24:54,298 - INFO - Found 6810 images for Haryana_HR003
2025-08-05 20:27:07,585 - INFO - Extracted features from 6318 images for Haryana_HR003
2025-08-05 20:27:07,844 - INFO - Saved enhanced dataset: c:\Users\Lalit Hire\OneDrive\Desktop\APE_07\data\processed_data\Haryana_HR003_enhanced.csv
2025-08-05 20:27:07,849 - INFO - Processing station Haryana_HR004
2025-08-05 20:27:08,154 - INFO - Found 6810 images for Haryana_HR004
2025-08-05 20:29:22,392 - INFO - Extracted features from 6186 images for Haryana_HR004
2025-08-05 20:29:22,631 - INFO - Saved enhanced dataset: c:\Users\Lalit Hire\OneDrive\Desktop\APE_07\data\processed_data\Haryana_HR004_enhanced.csv
2025-08-05 20:29:22,636 - INFO - Processing station Haryana_HR009
2025-08-05 20:29:22,940 - INFO - Found 6810 images for Haryana_HR009
2025-08-05 20:31:36,606 - INFO - Extracted features from 6070 images for Haryana_HR009
2025-08-05 20:31:36,861 - INFO - Saved enhanced dataset: c:\Users\Lalit Hire\OneDrive\Desktop\APE_07\data\processed_data\Haryana_HR009_enhanced.csv
2025-08-05 20:31:36,866 - INFO - Processing state: Karnataka
2025-08-05 20:31:36,867 - INFO - Processing station Karnataka_KA001
2025-08-05 20:31:37,095 - INFO - Found 6810 images for Karnataka_KA001
2025-08-05 20:33:47,442 - INFO - Extracted features from 4692 images for Karnataka_KA001
2025-08-05 20:33:47,675 - INFO - Saved enhanced dataset: c:\Users\Lalit Hire\OneDrive\Desktop\APE_07\data\processed_data\Karnataka_KA001_enhanced.csv
2025-08-05 20:33:47,680 - INFO - Processing station Karnataka_KA002
2025-08-05 20:33:47,981 - INFO - Found 6810 images for Karnataka_KA002
2025-08-05 20:35:57,574 - INFO - Extracted features from 3116 images for Karnataka_KA002
2025-08-05 20:35:57,759 - INFO - Saved enhanced dataset: c:\Users\Lalit Hire\OneDrive\Desktop\APE_07\data\processed_data\Karnataka_KA002_enhanced.csv
2025-08-05 20:35:57,764 - INFO - Processing station Karnataka_KA007
2025-08-05 20:35:58,087 - INFO - Found 6810 images for Karnataka_KA007
2025-08-05 20:38:08,782 - INFO - Extracted features from 5678 images for Karnataka_KA007
2025-08-05 20:38:09,013 - INFO - Saved enhanced dataset: c:\Users\Lalit Hire\OneDrive\Desktop\APE_07\data\processed_data\Karnataka_KA007_enhanced.csv
2025-08-05 20:38:09,018 - INFO - Processing station Karnataka_KA015
2025-08-05 20:38:09,317 - INFO - Found 6810 images for Karnataka_KA015
2025-08-05 20:40:22,211 - INFO - Extracted features from 6500 images for Karnataka_KA015
2025-08-05 20:40:22,477 - INFO - Saved enhanced dataset: c:\Users\Lalit Hire\OneDrive\Desktop\APE_07\data\processed_data\Karnataka_KA015_enhanced.csv
2025-08-05 20:40:22,482 - INFO - Processing station Karnataka_KA018
2025-08-05 20:40:22,832 - INFO - Found 6810 images for Karnataka_KA018
2025-08-05 20:42:37,200 - INFO - Extracted features from 6304 images for Karnataka_KA018
2025-08-05 20:42:37,467 - INFO - Saved enhanced dataset: c:\Users\Lalit Hire\OneDrive\Desktop\APE_07\data\processed_data\Karnataka_KA018_enhanced.csv
2025-08-05 20:42:37,472 - INFO - Processing state: Maharashtra
2025-08-05 20:42:37,474 - INFO - Processing station Maharashtra_MH004
2025-08-05 20:42:37,759 - INFO - Found 6810 images for Maharashtra_MH004
2025-08-05 20:44:52,653 - INFO - Extracted features from 6502 images for Maharashtra_MH004
2025-08-05 20:44:52,927 - INFO - Saved enhanced dataset: c:\Users\Lalit Hire\OneDrive\Desktop\APE_07\data\processed_data\Maharashtra_MH004_enhanced.csv
2025-08-05 20:44:52,932 - INFO - Processing station Maharashtra_MH007
2025-08-05 20:44:53,288 - INFO - Found 6810 images for Maharashtra_MH007
2025-08-05 20:46:57,020 - INFO - Extracted features from 4570 images for Maharashtra_MH007
2025-08-05 20:46:57,238 - INFO - Saved enhanced dataset: c:\Users\Lalit Hire\OneDrive\Desktop\APE_07\data\processed_data\Maharashtra_MH007_enhanced.csv
2025-08-05 20:46:57,243 - INFO - Processing station Maharashtra_MH012
2025-08-05 20:46:57,558 - INFO - Found 6810 images for Maharashtra_MH012
2025-08-05 20:49:12,075 - INFO - Extracted features from 5356 images for Maharashtra_MH012
2025-08-05 20:49:12,300 - INFO - Saved enhanced dataset: c:\Users\Lalit Hire\OneDrive\Desktop\APE_07\data\processed_data\Maharashtra_MH012_enhanced.csv
2025-08-05 20:49:12,305 - INFO - Processing station Maharashtra_MH026
2025-08-05 20:49:12,709 - INFO - Found 6810 images for Maharashtra_MH026
2025-08-05 20:51:27,311 - INFO - Extracted features from 6154 images for Maharashtra_MH026
2025-08-05 20:51:27,543 - INFO - Saved enhanced dataset: c:\Users\Lalit Hire\OneDrive\Desktop\APE_07\data\processed_data\Maharashtra_MH026_enhanced.csv
2025-08-05 20:51:27,547 - INFO - Processing station Maharashtra_MH033
2025-08-05 20:51:27,854 - INFO - Found 6810 images for Maharashtra_MH033
2025-08-05 20:53:46,416 - INFO - Extracted features from 6316 images for Maharashtra_MH033
2025-08-05 20:53:46,655 - INFO - Saved enhanced dataset: c:\Users\Lalit Hire\OneDrive\Desktop\APE_07\data\processed_data\Maharashtra_MH033_enhanced.csv
2025-08-05 20:53:46,662 - INFO - Successfully processed 20/20 stations
2025-08-05 20:53:46,663 - INFO - Creating unified enhanced dataset...
2025-08-05 20:53:46,666 - INFO - Found 20 enhanced station files
2025-08-05 20:53:46,720 - INFO - Loaded 5511 rows from Delhi_DL009_enhanced.csv
2025-08-05 20:53:46,771 - INFO - Loaded 6029 rows from Delhi_DL011_enhanced.csv
2025-08-05 20:53:46,827 - INFO - Loaded 6350 rows from Delhi_DL022_enhanced.csv
2025-08-05 20:53:46,881 - INFO - Loaded 6495 rows from Delhi_DL024_enhanced.csv
2025-08-05 20:53:46,937 - INFO - Loaded 6476 rows from Delhi_DL029_enhanced.csv
2025-08-05 20:53:46,988 - INFO - Loaded 5353 rows from Haryana_HR001_enhanced.csv
2025-08-05 20:53:47,035 - INFO - Loaded 4976 rows from Haryana_HR002_enhanced.csv
2025-08-05 20:53:47,094 - INFO - Loaded 6252 rows from Haryana_HR003_enhanced.csv
2025-08-05 20:53:47,152 - INFO - Loaded 6166 rows from Haryana_HR004_enhanced.csv
2025-08-05 20:53:47,203 - INFO - Loaded 5880 rows from Haryana_HR009_enhanced.csv
2025-08-05 20:53:47,256 - INFO - Loaded 5710 rows from Karnataka_KA001_enhanced.csv
2025-08-05 20:53:47,304 - INFO - Loaded 4553 rows from Karnataka_KA002_enhanced.csv
2025-08-05 20:53:47,355 - INFO - Loaded 5570 rows from Karnataka_KA007_enhanced.csv
2025-08-05 20:53:47,412 - INFO - Loaded 6059 rows from Karnataka_KA015_enhanced.csv
2025-08-05 20:53:47,464 - INFO - Loaded 6221 rows from Karnataka_KA018_enhanced.csv
2025-08-05 20:53:47,516 - INFO - Loaded 5984 rows from Maharashtra_MH004_enhanced.csv
2025-08-05 20:53:47,564 - INFO - Loaded 5391 rows from Maharashtra_MH007_enhanced.csv
2025-08-05 20:53:47,609 - INFO - Loaded 5289 rows from Maharashtra_MH012_enhanced.csv
2025-08-05 20:53:47,660 - INFO - Loaded 5594 rows from Maharashtra_MH026_enhanced.csv
2025-08-05 20:53:47,698 - INFO - Loaded 5801 rows from Maharashtra_MH033_enhanced.csv
2025-08-05 20:53:53,381 - INFO - Created unified dataset with 115660 rows
2025-08-05 20:53:53,381 - INFO - Saved to: c:\Users\Lalit Hire\OneDrive\Desktop\APE_07\data\unified_dataset_enhanced.csv
2025-08-05 20:53:53,381 - INFO - 
Dataset Summary:
2025-08-05 20:53:53,382 - INFO - Total rows: 115660
2025-08-05 20:53:53,424 - INFO - Date range: 2021-01-01 02:30:00+00:00 to 2022-12-31 10:30:00+00:00
2025-08-05 20:53:53,461 - INFO - States: ['Delhi' 'Haryana' 'Karnataka' 'Maharashtra']
2025-08-05 20:53:53,472 - INFO - Stations: 20
2025-08-05 20:53:53,473 - INFO - Feature columns: 34
2025-08-05 20:53:53,490 - INFO -   mean_TIR1: 24.3% non-null
2025-08-05 20:53:53,491 - INFO -   std_TIR1: 24.3% non-null
2025-08-05 20:53:53,492 - INFO -   min_TIR1: 24.3% non-null
2025-08-05 20:53:53,494 - INFO -   max_TIR1: 24.3% non-null
2025-08-05 20:53:53,496 - INFO -   median_TIR1: 24.3% non-null
2025-08-05 20:53:53,509 - INFO - Pipeline completed successfully!
