2025-08-05 16:17:02,166 - INFO - [INIT] Robust AEP Pipeline initialized successfully
2025-08-05 16:17:02,166 - INFO - ================================================================================
2025-08-05 16:17:02,167 - INFO - [START] ROBUST AEP PIPELINE EXECUTION
2025-08-05 16:17:02,167 - INFO - ================================================================================
2025-08-05 16:17:02,218 - INFO - [SUCCESS] Found 20 stations across 4 states
2025-08-05 16:17:02,219 - INFO - [STATE] Processing Delhi (5 stations)
2025-08-05 16:19:28,885 - INFO - [CROPPED] 13620 images for DL009
2025-08-05 16:21:13,197 - INFO - [CLEANED] 5511 records for DL009
2025-08-05 16:21:13,949 - INFO - [SUCCESS] DL009 processed
2025-08-05 16:22:45,337 - INFO - [CROPPED] 13620 images for DL011
2025-08-05 16:24:29,840 - INFO - [CLEANED] 6029 records for DL011
2025-08-05 16:24:30,652 - INFO - [SUCCESS] DL011 processed
2025-08-05 16:26:01,076 - INFO - [CROPPED] 13620 images for DL022
2025-08-05 16:27:46,744 - INFO - [CLEANED] 6350 records for DL022
2025-08-05 16:27:47,590 - INFO - [SUCCESS] DL022 processed
2025-08-05 16:29:17,265 - INFO - [CROPPED] 13620 images for DL024
2025-08-05 16:31:01,469 - INFO - [CLEANED] 6495 records for DL024
2025-08-05 16:31:02,324 - INFO - [SUCCESS] DL024 processed
2025-08-05 16:33:03,554 - INFO - [CROPPED] 13620 images for DL029
2025-08-05 16:34:34,301 - INFO - [CLEANED] 6476 records for DL029
2025-08-05 16:34:35,014 - INFO - [SUCCESS] DL029 processed
2025-08-05 16:34:35,014 - INFO - [STATE] Processing Haryana (5 stations)
2025-08-05 16:36:50,285 - INFO - [CROPPED] 13620 images for HR001
2025-08-05 16:38:24,553 - INFO - [CLEANED] 5353 records for HR001
2025-08-05 16:38:25,146 - INFO - [SUCCESS] HR001 processed
2025-08-05 16:39:44,966 - INFO - [CROPPED] 13620 images for HR002
2025-08-05 16:41:19,013 - INFO - [CLEANED] 4976 records for HR002
2025-08-05 16:41:19,578 - INFO - [SUCCESS] HR002 processed
2025-08-05 16:42:39,098 - INFO - [CROPPED] 13620 images for HR003
2025-08-05 16:44:11,185 - INFO - [CLEANED] 6252 records for HR003
2025-08-05 16:44:11,868 - INFO - [SUCCESS] HR003 processed
2025-08-05 16:45:31,164 - INFO - [CROPPED] 13620 images for HR004
2025-08-05 16:47:05,846 - INFO - [CLEANED] 6166 records for HR004
2025-08-05 16:47:06,529 - INFO - [SUCCESS] HR004 processed
2025-08-05 16:48:27,582 - INFO - [CROPPED] 13620 images for HR009
2025-08-05 16:50:03,113 - INFO - [CLEANED] 5880 records for HR009
2025-08-05 16:50:03,793 - INFO - [SUCCESS] HR009 processed
2025-08-05 16:50:03,794 - INFO - [STATE] Processing Karnataka (5 stations)
2025-08-05 16:52:18,206 - INFO - [CROPPED] 13620 images for KA001
2025-08-05 16:54:04,730 - INFO - [CLEANED] 5710 records for KA001
2025-08-05 16:54:05,520 - INFO - [SUCCESS] KA001 processed
2025-08-05 16:55:58,542 - INFO - [CROPPED] 13620 images for KA002
2025-08-05 16:57:43,413 - INFO - [CLEANED] 4553 records for KA002
2025-08-05 16:57:43,951 - INFO - [SUCCESS] KA002 processed
2025-08-05 16:59:04,647 - INFO - [CROPPED] 13620 images for KA007
2025-08-05 17:00:41,182 - INFO - [CLEANED] 5570 records for KA007
2025-08-05 17:00:41,801 - INFO - [SUCCESS] KA007 processed
2025-08-05 17:02:24,796 - INFO - [CROPPED] 13620 images for KA015
2025-08-05 17:03:57,731 - INFO - [CLEANED] 6059 records for KA015
2025-08-05 17:03:58,404 - INFO - [SUCCESS] KA015 processed
2025-08-05 17:05:14,532 - INFO - [CROPPED] 13620 images for KA018
2025-08-05 17:06:45,488 - INFO - [CLEANED] 6221 records for KA018
2025-08-05 17:06:46,175 - INFO - [SUCCESS] KA018 processed
2025-08-05 17:06:46,176 - INFO - [STATE] Processing Maharashtra (5 stations)
2025-08-05 17:09:00,296 - INFO - [CROPPED] 13620 images for MH004
2025-08-05 17:10:32,014 - INFO - [CLEANED] 5984 records for MH004
2025-08-05 17:10:32,674 - INFO - [SUCCESS] MH004 processed
2025-08-05 17:11:51,447 - INFO - [CROPPED] 13620 images for MH007
2025-08-05 17:13:24,678 - INFO - [CLEANED] 5391 records for MH007
2025-08-05 17:13:25,275 - INFO - [SUCCESS] MH007 processed
2025-08-05 17:14:45,590 - INFO - [CROPPED] 13620 images for MH012
2025-08-05 17:16:18,280 - INFO - [CLEANED] 5289 records for MH012
2025-08-05 17:16:18,883 - INFO - [SUCCESS] MH012 processed
2025-08-05 17:17:38,329 - INFO - [CROPPED] 13620 images for MH026
2025-08-05 17:19:10,427 - INFO - [CLEANED] 5594 records for MH026
2025-08-05 17:19:11,054 - INFO - [SUCCESS] MH026 processed
2025-08-05 17:20:54,099 - INFO - [CROPPED] 13620 images for MH033
2025-08-05 17:22:25,813 - INFO - [CLEANED] 5801 records for MH033
2025-08-05 17:22:26,455 - INFO - [SUCCESS] MH033 processed
2025-08-05 17:22:28,261 - INFO - [DATASET] Created unified dataset: 115,660 records from 20 stations
