2025-08-09 12:43:46,519 - INFO - [INIT] Robust AEP Pipeline initialized successfully
2025-08-09 12:43:46,520 - INFO - ================================================================================
2025-08-09 12:43:46,520 - INFO - [START] ROBUST AEP PIPELINE EXECUTION
2025-08-09 12:43:46,521 - INFO - ================================================================================
2025-08-09 12:43:46,602 - INFO - [SUCCESS] Found 20 stations across 4 states
2025-08-09 12:43:46,604 - INFO - [STATE] Processing Delhi (5 stations)
2025-08-09 12:43:46,605 - INFO - [STATE] Processing Haryana (5 stations)
2025-08-09 12:43:46,683 - INFO - GDAL signalled an error: err_no=4, msg="`C:\\Users\\Lalit Hire\\OneDrive\\Desktop\\app_test\\aep_data\\raw\\Haryana\\2021\\3RIMG_01JAN2021_0815_L1B_STD_V01R00_IMG_TIR1_cropped.tif' not recognized as being in a supported file format."
2025-08-09 12:43:46,684 - WARNING - [WARNING] Crop failed for C:\Users\Lalit Hire\OneDrive\Desktop\app_test\aep_data\raw\Haryana\2021\3RIMG_01JAN2021_0815_L1B_STD_V01R00_IMG_TIR1_cropped.tif: 'C:\Users\Lalit Hire\OneDrive\Desktop\app_test\aep_data\raw\Haryana\2021\3RIMG_01JAN2021_0815_L1B_STD_V01R00_IMG_TIR1_cropped.tif' not recognized as being in a supported file format.
2025-08-09 12:43:46,687 - INFO - GDAL signalled an error: err_no=4, msg="`C:\\Users\\Lalit Hire\\OneDrive\\Desktop\\app_test\\aep_data\\raw\\Haryana\\2021\\3RIMG_01JAN2021_0830_L1B_STD_V01R00_IMG_WV_cropped.tif' not recognized as being in a supported file format."
2025-08-09 12:43:46,687 - WARNING - [WARNING] Crop failed for C:\Users\Lalit Hire\OneDrive\Desktop\app_test\aep_data\raw\Haryana\2021\3RIMG_01JAN2021_0830_L1B_STD_V01R00_IMG_WV_cropped.tif: 'C:\Users\Lalit Hire\OneDrive\Desktop\app_test\aep_data\raw\Haryana\2021\3RIMG_01JAN2021_0830_L1B_STD_V01R00_IMG_WV_cropped.tif' not recognized as being in a supported file format.
2025-08-09 12:43:46,691 - INFO - GDAL signalled an error: err_no=4, msg="`C:\\Users\\Lalit Hire\\OneDrive\\Desktop\\app_test\\aep_data\\raw\\Haryana\\2021\\3RIMG_01JAN2021_0815_L1B_STD_V01R00_IMG_TIR1_cropped.tif' not recognized as being in a supported file format."
2025-08-09 12:43:46,691 - WARNING - [WARNING] Crop failed for C:\Users\Lalit Hire\OneDrive\Desktop\app_test\aep_data\raw\Haryana\2021\3RIMG_01JAN2021_0815_L1B_STD_V01R00_IMG_TIR1_cropped.tif: 'C:\Users\Lalit Hire\OneDrive\Desktop\app_test\aep_data\raw\Haryana\2021\3RIMG_01JAN2021_0815_L1B_STD_V01R00_IMG_TIR1_cropped.tif' not recognized as being in a supported file format.
2025-08-09 12:43:46,694 - INFO - GDAL signalled an error: err_no=4, msg="`C:\\Users\\Lalit Hire\\OneDrive\\Desktop\\app_test\\aep_data\\raw\\Haryana\\2021\\3RIMG_01JAN2021_0830_L1B_STD_V01R00_IMG_WV_cropped.tif' not recognized as being in a supported file format."
2025-08-09 12:43:46,694 - WARNING - [WARNING] Crop failed for C:\Users\Lalit Hire\OneDrive\Desktop\app_test\aep_data\raw\Haryana\2021\3RIMG_01JAN2021_0830_L1B_STD_V01R00_IMG_WV_cropped.tif: 'C:\Users\Lalit Hire\OneDrive\Desktop\app_test\aep_data\raw\Haryana\2021\3RIMG_01JAN2021_0830_L1B_STD_V01R00_IMG_WV_cropped.tif' not recognized as being in a supported file format.
2025-08-09 12:43:46,700 - INFO - GDAL signalled an error: err_no=4, msg="`C:\\Users\\Lalit Hire\\OneDrive\\Desktop\\app_test\\aep_data\\raw\\Haryana\\2022\\3RIMG_01JAN2021_0815_L1B_STD_V01R00_IMG_TIR1_cropped.tif' not recognized as being in a supported file format."
2025-08-09 12:43:46,701 - WARNING - [WARNING] Crop failed for C:\Users\Lalit Hire\OneDrive\Desktop\app_test\aep_data\raw\Haryana\2022\3RIMG_01JAN2021_0815_L1B_STD_V01R00_IMG_TIR1_cropped.tif: 'C:\Users\Lalit Hire\OneDrive\Desktop\app_test\aep_data\raw\Haryana\2022\3RIMG_01JAN2021_0815_L1B_STD_V01R00_IMG_TIR1_cropped.tif' not recognized as being in a supported file format.
2025-08-09 12:43:46,703 - INFO - GDAL signalled an error: err_no=4, msg="`C:\\Users\\Lalit Hire\\OneDrive\\Desktop\\app_test\\aep_data\\raw\\Haryana\\2022\\3RIMG_01JAN2021_0830_L1B_STD_V01R00_IMG_WV_cropped.tif' not recognized as being in a supported file format."
2025-08-09 12:43:46,704 - WARNING - [WARNING] Crop failed for C:\Users\Lalit Hire\OneDrive\Desktop\app_test\aep_data\raw\Haryana\2022\3RIMG_01JAN2021_0830_L1B_STD_V01R00_IMG_WV_cropped.tif: 'C:\Users\Lalit Hire\OneDrive\Desktop\app_test\aep_data\raw\Haryana\2022\3RIMG_01JAN2021_0830_L1B_STD_V01R00_IMG_WV_cropped.tif' not recognized as being in a supported file format.
2025-08-09 12:43:46,707 - INFO - GDAL signalled an error: err_no=4, msg="`C:\\Users\\Lalit Hire\\OneDrive\\Desktop\\app_test\\aep_data\\raw\\Haryana\\2022\\3RIMG_01JAN2021_0815_L1B_STD_V01R00_IMG_TIR1_cropped.tif' not recognized as being in a supported file format."
2025-08-09 12:43:46,707 - WARNING - [WARNING] Crop failed for C:\Users\Lalit Hire\OneDrive\Desktop\app_test\aep_data\raw\Haryana\2022\3RIMG_01JAN2021_0815_L1B_STD_V01R00_IMG_TIR1_cropped.tif: 'C:\Users\Lalit Hire\OneDrive\Desktop\app_test\aep_data\raw\Haryana\2022\3RIMG_01JAN2021_0815_L1B_STD_V01R00_IMG_TIR1_cropped.tif' not recognized as being in a supported file format.
2025-08-09 12:43:46,711 - INFO - GDAL signalled an error: err_no=4, msg="`C:\\Users\\Lalit Hire\\OneDrive\\Desktop\\app_test\\aep_data\\raw\\Haryana\\2022\\3RIMG_01JAN2021_0830_L1B_STD_V01R00_IMG_WV_cropped.tif' not recognized as being in a supported file format."
2025-08-09 12:43:46,711 - WARNING - [WARNING] Crop failed for C:\Users\Lalit Hire\OneDrive\Desktop\app_test\aep_data\raw\Haryana\2022\3RIMG_01JAN2021_0830_L1B_STD_V01R00_IMG_WV_cropped.tif: 'C:\Users\Lalit Hire\OneDrive\Desktop\app_test\aep_data\raw\Haryana\2022\3RIMG_01JAN2021_0830_L1B_STD_V01R00_IMG_WV_cropped.tif' not recognized as being in a supported file format.
2025-08-09 12:43:46,713 - INFO - [CROPPED] 0 images for HR001
2025-08-09 12:43:46,730 - INFO - GDAL signalled an error: err_no=4, msg="`C:\\Users\\Lalit Hire\\OneDrive\\Desktop\\app_test\\aep_data\\raw\\Haryana\\2021\\3RIMG_01JAN2021_0815_L1B_STD_V01R00_IMG_TIR1_cropped.tif' not recognized as being in a supported file format."
2025-08-09 12:43:46,730 - WARNING - [WARNING] Crop failed for C:\Users\Lalit Hire\OneDrive\Desktop\app_test\aep_data\raw\Haryana\2021\3RIMG_01JAN2021_0815_L1B_STD_V01R00_IMG_TIR1_cropped.tif: 'C:\Users\Lalit Hire\OneDrive\Desktop\app_test\aep_data\raw\Haryana\2021\3RIMG_01JAN2021_0815_L1B_STD_V01R00_IMG_TIR1_cropped.tif' not recognized as being in a supported file format.
2025-08-09 12:43:46,733 - INFO - GDAL signalled an error: err_no=4, msg="`C:\\Users\\Lalit Hire\\OneDrive\\Desktop\\app_test\\aep_data\\raw\\Haryana\\2021\\3RIMG_01JAN2021_0830_L1B_STD_V01R00_IMG_WV_cropped.tif' not recognized as being in a supported file format."
2025-08-09 12:43:46,734 - WARNING - [WARNING] Crop failed for C:\Users\Lalit Hire\OneDrive\Desktop\app_test\aep_data\raw\Haryana\2021\3RIMG_01JAN2021_0830_L1B_STD_V01R00_IMG_WV_cropped.tif: 'C:\Users\Lalit Hire\OneDrive\Desktop\app_test\aep_data\raw\Haryana\2021\3RIMG_01JAN2021_0830_L1B_STD_V01R00_IMG_WV_cropped.tif' not recognized as being in a supported file format.
2025-08-09 12:43:46,738 - INFO - GDAL signalled an error: err_no=4, msg="`C:\\Users\\Lalit Hire\\OneDrive\\Desktop\\app_test\\aep_data\\raw\\Haryana\\2021\\3RIMG_01JAN2021_0815_L1B_STD_V01R00_IMG_TIR1_cropped.tif' not recognized as being in a supported file format."
2025-08-09 12:43:46,738 - WARNING - [WARNING] Crop failed for C:\Users\Lalit Hire\OneDrive\Desktop\app_test\aep_data\raw\Haryana\2021\3RIMG_01JAN2021_0815_L1B_STD_V01R00_IMG_TIR1_cropped.tif: 'C:\Users\Lalit Hire\OneDrive\Desktop\app_test\aep_data\raw\Haryana\2021\3RIMG_01JAN2021_0815_L1B_STD_V01R00_IMG_TIR1_cropped.tif' not recognized as being in a supported file format.
2025-08-09 12:43:46,742 - INFO - GDAL signalled an error: err_no=4, msg="`C:\\Users\\Lalit Hire\\OneDrive\\Desktop\\app_test\\aep_data\\raw\\Haryana\\2021\\3RIMG_01JAN2021_0830_L1B_STD_V01R00_IMG_WV_cropped.tif' not recognized as being in a supported file format."
2025-08-09 12:43:46,742 - WARNING - [WARNING] Crop failed for C:\Users\Lalit Hire\OneDrive\Desktop\app_test\aep_data\raw\Haryana\2021\3RIMG_01JAN2021_0830_L1B_STD_V01R00_IMG_WV_cropped.tif: 'C:\Users\Lalit Hire\OneDrive\Desktop\app_test\aep_data\raw\Haryana\2021\3RIMG_01JAN2021_0830_L1B_STD_V01R00_IMG_WV_cropped.tif' not recognized as being in a supported file format.
2025-08-09 12:43:46,752 - INFO - GDAL signalled an error: err_no=4, msg="`C:\\Users\\Lalit Hire\\OneDrive\\Desktop\\app_test\\aep_data\\raw\\Haryana\\2022\\3RIMG_01JAN2021_0815_L1B_STD_V01R00_IMG_TIR1_cropped.tif' not recognized as being in a supported file format."
2025-08-09 12:43:46,753 - WARNING - [WARNING] Crop failed for C:\Users\Lalit Hire\OneDrive\Desktop\app_test\aep_data\raw\Haryana\2022\3RIMG_01JAN2021_0815_L1B_STD_V01R00_IMG_TIR1_cropped.tif: 'C:\Users\Lalit Hire\OneDrive\Desktop\app_test\aep_data\raw\Haryana\2022\3RIMG_01JAN2021_0815_L1B_STD_V01R00_IMG_TIR1_cropped.tif' not recognized as being in a supported file format.
2025-08-09 12:43:46,758 - INFO - GDAL signalled an error: err_no=4, msg="`C:\\Users\\Lalit Hire\\OneDrive\\Desktop\\app_test\\aep_data\\raw\\Haryana\\2022\\3RIMG_01JAN2021_0830_L1B_STD_V01R00_IMG_WV_cropped.tif' not recognized as being in a supported file format."
2025-08-09 12:43:46,758 - WARNING - [WARNING] Crop failed for C:\Users\Lalit Hire\OneDrive\Desktop\app_test\aep_data\raw\Haryana\2022\3RIMG_01JAN2021_0830_L1B_STD_V01R00_IMG_WV_cropped.tif: 'C:\Users\Lalit Hire\OneDrive\Desktop\app_test\aep_data\raw\Haryana\2022\3RIMG_01JAN2021_0830_L1B_STD_V01R00_IMG_WV_cropped.tif' not recognized as being in a supported file format.
2025-08-09 12:43:46,763 - INFO - GDAL signalled an error: err_no=4, msg="`C:\\Users\\Lalit Hire\\OneDrive\\Desktop\\app_test\\aep_data\\raw\\Haryana\\2022\\3RIMG_01JAN2021_0815_L1B_STD_V01R00_IMG_TIR1_cropped.tif' not recognized as being in a supported file format."
2025-08-09 12:43:46,763 - WARNING - [WARNING] Crop failed for C:\Users\Lalit Hire\OneDrive\Desktop\app_test\aep_data\raw\Haryana\2022\3RIMG_01JAN2021_0815_L1B_STD_V01R00_IMG_TIR1_cropped.tif: 'C:\Users\Lalit Hire\OneDrive\Desktop\app_test\aep_data\raw\Haryana\2022\3RIMG_01JAN2021_0815_L1B_STD_V01R00_IMG_TIR1_cropped.tif' not recognized as being in a supported file format.
2025-08-09 12:43:46,767 - INFO - GDAL signalled an error: err_no=4, msg="`C:\\Users\\Lalit Hire\\OneDrive\\Desktop\\app_test\\aep_data\\raw\\Haryana\\2022\\3RIMG_01JAN2021_0830_L1B_STD_V01R00_IMG_WV_cropped.tif' not recognized as being in a supported file format."
2025-08-09 12:43:46,768 - WARNING - [WARNING] Crop failed for C:\Users\Lalit Hire\OneDrive\Desktop\app_test\aep_data\raw\Haryana\2022\3RIMG_01JAN2021_0830_L1B_STD_V01R00_IMG_WV_cropped.tif: 'C:\Users\Lalit Hire\OneDrive\Desktop\app_test\aep_data\raw\Haryana\2022\3RIMG_01JAN2021_0830_L1B_STD_V01R00_IMG_WV_cropped.tif' not recognized as being in a supported file format.
2025-08-09 12:43:46,773 - INFO - [CROPPED] 0 images for HR002
2025-08-09 12:43:46,784 - INFO - GDAL signalled an error: err_no=4, msg="`C:\\Users\\Lalit Hire\\OneDrive\\Desktop\\app_test\\aep_data\\raw\\Haryana\\2021\\3RIMG_01JAN2021_0815_L1B_STD_V01R00_IMG_TIR1_cropped.tif' not recognized as being in a supported file format."
2025-08-09 12:43:46,785 - WARNING - [WARNING] Crop failed for C:\Users\Lalit Hire\OneDrive\Desktop\app_test\aep_data\raw\Haryana\2021\3RIMG_01JAN2021_0815_L1B_STD_V01R00_IMG_TIR1_cropped.tif: 'C:\Users\Lalit Hire\OneDrive\Desktop\app_test\aep_data\raw\Haryana\2021\3RIMG_01JAN2021_0815_L1B_STD_V01R00_IMG_TIR1_cropped.tif' not recognized as being in a supported file format.
2025-08-09 12:43:46,787 - INFO - GDAL signalled an error: err_no=4, msg="`C:\\Users\\Lalit Hire\\OneDrive\\Desktop\\app_test\\aep_data\\raw\\Haryana\\2021\\3RIMG_01JAN2021_0830_L1B_STD_V01R00_IMG_WV_cropped.tif' not recognized as being in a supported file format."
2025-08-09 12:43:46,788 - WARNING - [WARNING] Crop failed for C:\Users\Lalit Hire\OneDrive\Desktop\app_test\aep_data\raw\Haryana\2021\3RIMG_01JAN2021_0830_L1B_STD_V01R00_IMG_WV_cropped.tif: 'C:\Users\Lalit Hire\OneDrive\Desktop\app_test\aep_data\raw\Haryana\2021\3RIMG_01JAN2021_0830_L1B_STD_V01R00_IMG_WV_cropped.tif' not recognized as being in a supported file format.
2025-08-09 12:43:46,792 - INFO - GDAL signalled an error: err_no=4, msg="`C:\\Users\\Lalit Hire\\OneDrive\\Desktop\\app_test\\aep_data\\raw\\Haryana\\2021\\3RIMG_01JAN2021_0815_L1B_STD_V01R00_IMG_TIR1_cropped.tif' not recognized as being in a supported file format."
2025-08-09 12:43:46,792 - WARNING - [WARNING] Crop failed for C:\Users\Lalit Hire\OneDrive\Desktop\app_test\aep_data\raw\Haryana\2021\3RIMG_01JAN2021_0815_L1B_STD_V01R00_IMG_TIR1_cropped.tif: 'C:\Users\Lalit Hire\OneDrive\Desktop\app_test\aep_data\raw\Haryana\2021\3RIMG_01JAN2021_0815_L1B_STD_V01R00_IMG_TIR1_cropped.tif' not recognized as being in a supported file format.
2025-08-09 12:43:46,796 - INFO - GDAL signalled an error: err_no=4, msg="`C:\\Users\\Lalit Hire\\OneDrive\\Desktop\\app_test\\aep_data\\raw\\Haryana\\2021\\3RIMG_01JAN2021_0830_L1B_STD_V01R00_IMG_WV_cropped.tif' not recognized as being in a supported file format."
2025-08-09 12:43:46,797 - WARNING - [WARNING] Crop failed for C:\Users\Lalit Hire\OneDrive\Desktop\app_test\aep_data\raw\Haryana\2021\3RIMG_01JAN2021_0830_L1B_STD_V01R00_IMG_WV_cropped.tif: 'C:\Users\Lalit Hire\OneDrive\Desktop\app_test\aep_data\raw\Haryana\2021\3RIMG_01JAN2021_0830_L1B_STD_V01R00_IMG_WV_cropped.tif' not recognized as being in a supported file format.
2025-08-09 12:43:46,805 - INFO - GDAL signalled an error: err_no=4, msg="`C:\\Users\\Lalit Hire\\OneDrive\\Desktop\\app_test\\aep_data\\raw\\Haryana\\2022\\3RIMG_01JAN2021_0815_L1B_STD_V01R00_IMG_TIR1_cropped.tif' not recognized as being in a supported file format."
2025-08-09 12:43:46,805 - WARNING - [WARNING] Crop failed for C:\Users\Lalit Hire\OneDrive\Desktop\app_test\aep_data\raw\Haryana\2022\3RIMG_01JAN2021_0815_L1B_STD_V01R00_IMG_TIR1_cropped.tif: 'C:\Users\Lalit Hire\OneDrive\Desktop\app_test\aep_data\raw\Haryana\2022\3RIMG_01JAN2021_0815_L1B_STD_V01R00_IMG_TIR1_cropped.tif' not recognized as being in a supported file format.
2025-08-09 12:43:46,813 - INFO - GDAL signalled an error: err_no=4, msg="`C:\\Users\\Lalit Hire\\OneDrive\\Desktop\\app_test\\aep_data\\raw\\Haryana\\2022\\3RIMG_01JAN2021_0830_L1B_STD_V01R00_IMG_WV_cropped.tif' not recognized as being in a supported file format."
2025-08-09 12:43:46,813 - WARNING - [WARNING] Crop failed for C:\Users\Lalit Hire\OneDrive\Desktop\app_test\aep_data\raw\Haryana\2022\3RIMG_01JAN2021_0830_L1B_STD_V01R00_IMG_WV_cropped.tif: 'C:\Users\Lalit Hire\OneDrive\Desktop\app_test\aep_data\raw\Haryana\2022\3RIMG_01JAN2021_0830_L1B_STD_V01R00_IMG_WV_cropped.tif' not recognized as being in a supported file format.
2025-08-09 12:43:46,817 - INFO - GDAL signalled an error: err_no=4, msg="`C:\\Users\\Lalit Hire\\OneDrive\\Desktop\\app_test\\aep_data\\raw\\Haryana\\2022\\3RIMG_01JAN2021_0815_L1B_STD_V01R00_IMG_TIR1_cropped.tif' not recognized as being in a supported file format."
2025-08-09 12:43:46,818 - WARNING - [WARNING] Crop failed for C:\Users\Lalit Hire\OneDrive\Desktop\app_test\aep_data\raw\Haryana\2022\3RIMG_01JAN2021_0815_L1B_STD_V01R00_IMG_TIR1_cropped.tif: 'C:\Users\Lalit Hire\OneDrive\Desktop\app_test\aep_data\raw\Haryana\2022\3RIMG_01JAN2021_0815_L1B_STD_V01R00_IMG_TIR1_cropped.tif' not recognized as being in a supported file format.
2025-08-09 12:43:46,823 - INFO - GDAL signalled an error: err_no=4, msg="`C:\\Users\\Lalit Hire\\OneDrive\\Desktop\\app_test\\aep_data\\raw\\Haryana\\2022\\3RIMG_01JAN2021_0830_L1B_STD_V01R00_IMG_WV_cropped.tif' not recognized as being in a supported file format."
2025-08-09 12:43:46,823 - WARNING - [WARNING] Crop failed for C:\Users\Lalit Hire\OneDrive\Desktop\app_test\aep_data\raw\Haryana\2022\3RIMG_01JAN2021_0830_L1B_STD_V01R00_IMG_WV_cropped.tif: 'C:\Users\Lalit Hire\OneDrive\Desktop\app_test\aep_data\raw\Haryana\2022\3RIMG_01JAN2021_0830_L1B_STD_V01R00_IMG_WV_cropped.tif' not recognized as being in a supported file format.
2025-08-09 12:43:46,825 - INFO - [CROPPED] 0 images for HR003
2025-08-09 12:43:46,843 - INFO - GDAL signalled an error: err_no=4, msg="`C:\\Users\\Lalit Hire\\OneDrive\\Desktop\\app_test\\aep_data\\raw\\Haryana\\2021\\3RIMG_01JAN2021_0815_L1B_STD_V01R00_IMG_TIR1_cropped.tif' not recognized as being in a supported file format."
2025-08-09 12:43:46,844 - WARNING - [WARNING] Crop failed for C:\Users\Lalit Hire\OneDrive\Desktop\app_test\aep_data\raw\Haryana\2021\3RIMG_01JAN2021_0815_L1B_STD_V01R00_IMG_TIR1_cropped.tif: 'C:\Users\Lalit Hire\OneDrive\Desktop\app_test\aep_data\raw\Haryana\2021\3RIMG_01JAN2021_0815_L1B_STD_V01R00_IMG_TIR1_cropped.tif' not recognized as being in a supported file format.
2025-08-09 12:43:46,847 - INFO - GDAL signalled an error: err_no=4, msg="`C:\\Users\\Lalit Hire\\OneDrive\\Desktop\\app_test\\aep_data\\raw\\Haryana\\2021\\3RIMG_01JAN2021_0830_L1B_STD_V01R00_IMG_WV_cropped.tif' not recognized as being in a supported file format."
2025-08-09 12:43:46,847 - WARNING - [WARNING] Crop failed for C:\Users\Lalit Hire\OneDrive\Desktop\app_test\aep_data\raw\Haryana\2021\3RIMG_01JAN2021_0830_L1B_STD_V01R00_IMG_WV_cropped.tif: 'C:\Users\Lalit Hire\OneDrive\Desktop\app_test\aep_data\raw\Haryana\2021\3RIMG_01JAN2021_0830_L1B_STD_V01R00_IMG_WV_cropped.tif' not recognized as being in a supported file format.
2025-08-09 12:43:46,852 - INFO - GDAL signalled an error: err_no=4, msg="`C:\\Users\\Lalit Hire\\OneDrive\\Desktop\\app_test\\aep_data\\raw\\Haryana\\2021\\3RIMG_01JAN2021_0815_L1B_STD_V01R00_IMG_TIR1_cropped.tif' not recognized as being in a supported file format."
2025-08-09 12:43:46,853 - WARNING - [WARNING] Crop failed for C:\Users\Lalit Hire\OneDrive\Desktop\app_test\aep_data\raw\Haryana\2021\3RIMG_01JAN2021_0815_L1B_STD_V01R00_IMG_TIR1_cropped.tif: 'C:\Users\Lalit Hire\OneDrive\Desktop\app_test\aep_data\raw\Haryana\2021\3RIMG_01JAN2021_0815_L1B_STD_V01R00_IMG_TIR1_cropped.tif' not recognized as being in a supported file format.
2025-08-09 12:43:46,857 - INFO - GDAL signalled an error: err_no=4, msg="`C:\\Users\\Lalit Hire\\OneDrive\\Desktop\\app_test\\aep_data\\raw\\Haryana\\2021\\3RIMG_01JAN2021_0830_L1B_STD_V01R00_IMG_WV_cropped.tif' not recognized as being in a supported file format."
2025-08-09 12:43:46,858 - WARNING - [WARNING] Crop failed for C:\Users\Lalit Hire\OneDrive\Desktop\app_test\aep_data\raw\Haryana\2021\3RIMG_01JAN2021_0830_L1B_STD_V01R00_IMG_WV_cropped.tif: 'C:\Users\Lalit Hire\OneDrive\Desktop\app_test\aep_data\raw\Haryana\2021\3RIMG_01JAN2021_0830_L1B_STD_V01R00_IMG_WV_cropped.tif' not recognized as being in a supported file format.
2025-08-09 12:43:46,870 - INFO - GDAL signalled an error: err_no=4, msg="`C:\\Users\\Lalit Hire\\OneDrive\\Desktop\\app_test\\aep_data\\raw\\Haryana\\2022\\3RIMG_01JAN2021_0815_L1B_STD_V01R00_IMG_TIR1_cropped.tif' not recognized as being in a supported file format."
2025-08-09 12:43:46,870 - WARNING - [WARNING] Crop failed for C:\Users\Lalit Hire\OneDrive\Desktop\app_test\aep_data\raw\Haryana\2022\3RIMG_01JAN2021_0815_L1B_STD_V01R00_IMG_TIR1_cropped.tif: 'C:\Users\Lalit Hire\OneDrive\Desktop\app_test\aep_data\raw\Haryana\2022\3RIMG_01JAN2021_0815_L1B_STD_V01R00_IMG_TIR1_cropped.tif' not recognized as being in a supported file format.
2025-08-09 12:43:46,873 - INFO - GDAL signalled an error: err_no=4, msg="`C:\\Users\\Lalit Hire\\OneDrive\\Desktop\\app_test\\aep_data\\raw\\Haryana\\2022\\3RIMG_01JAN2021_0830_L1B_STD_V01R00_IMG_WV_cropped.tif' not recognized as being in a supported file format."
2025-08-09 12:43:46,874 - WARNING - [WARNING] Crop failed for C:\Users\Lalit Hire\OneDrive\Desktop\app_test\aep_data\raw\Haryana\2022\3RIMG_01JAN2021_0830_L1B_STD_V01R00_IMG_WV_cropped.tif: 'C:\Users\Lalit Hire\OneDrive\Desktop\app_test\aep_data\raw\Haryana\2022\3RIMG_01JAN2021_0830_L1B_STD_V01R00_IMG_WV_cropped.tif' not recognized as being in a supported file format.
2025-08-09 12:43:46,879 - INFO - GDAL signalled an error: err_no=4, msg="`C:\\Users\\Lalit Hire\\OneDrive\\Desktop\\app_test\\aep_data\\raw\\Haryana\\2022\\3RIMG_01JAN2021_0815_L1B_STD_V01R00_IMG_TIR1_cropped.tif' not recognized as being in a supported file format."
2025-08-09 12:43:46,880 - WARNING - [WARNING] Crop failed for C:\Users\Lalit Hire\OneDrive\Desktop\app_test\aep_data\raw\Haryana\2022\3RIMG_01JAN2021_0815_L1B_STD_V01R00_IMG_TIR1_cropped.tif: 'C:\Users\Lalit Hire\OneDrive\Desktop\app_test\aep_data\raw\Haryana\2022\3RIMG_01JAN2021_0815_L1B_STD_V01R00_IMG_TIR1_cropped.tif' not recognized as being in a supported file format.
2025-08-09 12:43:46,884 - INFO - GDAL signalled an error: err_no=4, msg="`C:\\Users\\Lalit Hire\\OneDrive\\Desktop\\app_test\\aep_data\\raw\\Haryana\\2022\\3RIMG_01JAN2021_0830_L1B_STD_V01R00_IMG_WV_cropped.tif' not recognized as being in a supported file format."
2025-08-09 12:43:46,884 - WARNING - [WARNING] Crop failed for C:\Users\Lalit Hire\OneDrive\Desktop\app_test\aep_data\raw\Haryana\2022\3RIMG_01JAN2021_0830_L1B_STD_V01R00_IMG_WV_cropped.tif: 'C:\Users\Lalit Hire\OneDrive\Desktop\app_test\aep_data\raw\Haryana\2022\3RIMG_01JAN2021_0830_L1B_STD_V01R00_IMG_WV_cropped.tif' not recognized as being in a supported file format.
2025-08-09 12:43:46,887 - INFO - [CROPPED] 0 images for HR004
2025-08-09 12:43:46,902 - INFO - GDAL signalled an error: err_no=4, msg="`C:\\Users\\Lalit Hire\\OneDrive\\Desktop\\app_test\\aep_data\\raw\\Haryana\\2021\\3RIMG_01JAN2021_0815_L1B_STD_V01R00_IMG_TIR1_cropped.tif' not recognized as being in a supported file format."
2025-08-09 12:43:46,902 - WARNING - [WARNING] Crop failed for C:\Users\Lalit Hire\OneDrive\Desktop\app_test\aep_data\raw\Haryana\2021\3RIMG_01JAN2021_0815_L1B_STD_V01R00_IMG_TIR1_cropped.tif: 'C:\Users\Lalit Hire\OneDrive\Desktop\app_test\aep_data\raw\Haryana\2021\3RIMG_01JAN2021_0815_L1B_STD_V01R00_IMG_TIR1_cropped.tif' not recognized as being in a supported file format.
2025-08-09 12:43:46,904 - INFO - GDAL signalled an error: err_no=4, msg="`C:\\Users\\Lalit Hire\\OneDrive\\Desktop\\app_test\\aep_data\\raw\\Haryana\\2021\\3RIMG_01JAN2021_0830_L1B_STD_V01R00_IMG_WV_cropped.tif' not recognized as being in a supported file format."
2025-08-09 12:43:46,904 - WARNING - [WARNING] Crop failed for C:\Users\Lalit Hire\OneDrive\Desktop\app_test\aep_data\raw\Haryana\2021\3RIMG_01JAN2021_0830_L1B_STD_V01R00_IMG_WV_cropped.tif: 'C:\Users\Lalit Hire\OneDrive\Desktop\app_test\aep_data\raw\Haryana\2021\3RIMG_01JAN2021_0830_L1B_STD_V01R00_IMG_WV_cropped.tif' not recognized as being in a supported file format.
2025-08-09 12:43:46,909 - INFO - GDAL signalled an error: err_no=4, msg="`C:\\Users\\Lalit Hire\\OneDrive\\Desktop\\app_test\\aep_data\\raw\\Haryana\\2021\\3RIMG_01JAN2021_0815_L1B_STD_V01R00_IMG_TIR1_cropped.tif' not recognized as being in a supported file format."
2025-08-09 12:43:46,909 - WARNING - [WARNING] Crop failed for C:\Users\Lalit Hire\OneDrive\Desktop\app_test\aep_data\raw\Haryana\2021\3RIMG_01JAN2021_0815_L1B_STD_V01R00_IMG_TIR1_cropped.tif: 'C:\Users\Lalit Hire\OneDrive\Desktop\app_test\aep_data\raw\Haryana\2021\3RIMG_01JAN2021_0815_L1B_STD_V01R00_IMG_TIR1_cropped.tif' not recognized as being in a supported file format.
2025-08-09 12:43:46,915 - INFO - GDAL signalled an error: err_no=4, msg="`C:\\Users\\Lalit Hire\\OneDrive\\Desktop\\app_test\\aep_data\\raw\\Haryana\\2021\\3RIMG_01JAN2021_0830_L1B_STD_V01R00_IMG_WV_cropped.tif' not recognized as being in a supported file format."
2025-08-09 12:43:46,916 - WARNING - [WARNING] Crop failed for C:\Users\Lalit Hire\OneDrive\Desktop\app_test\aep_data\raw\Haryana\2021\3RIMG_01JAN2021_0830_L1B_STD_V01R00_IMG_WV_cropped.tif: 'C:\Users\Lalit Hire\OneDrive\Desktop\app_test\aep_data\raw\Haryana\2021\3RIMG_01JAN2021_0830_L1B_STD_V01R00_IMG_WV_cropped.tif' not recognized as being in a supported file format.
2025-08-09 12:43:46,924 - INFO - GDAL signalled an error: err_no=4, msg="`C:\\Users\\Lalit Hire\\OneDrive\\Desktop\\app_test\\aep_data\\raw\\Haryana\\2022\\3RIMG_01JAN2021_0815_L1B_STD_V01R00_IMG_TIR1_cropped.tif' not recognized as being in a supported file format."
2025-08-09 12:43:46,924 - WARNING - [WARNING] Crop failed for C:\Users\Lalit Hire\OneDrive\Desktop\app_test\aep_data\raw\Haryana\2022\3RIMG_01JAN2021_0815_L1B_STD_V01R00_IMG_TIR1_cropped.tif: 'C:\Users\Lalit Hire\OneDrive\Desktop\app_test\aep_data\raw\Haryana\2022\3RIMG_01JAN2021_0815_L1B_STD_V01R00_IMG_TIR1_cropped.tif' not recognized as being in a supported file format.
2025-08-09 12:43:46,928 - INFO - GDAL signalled an error: err_no=4, msg="`C:\\Users\\Lalit Hire\\OneDrive\\Desktop\\app_test\\aep_data\\raw\\Haryana\\2022\\3RIMG_01JAN2021_0830_L1B_STD_V01R00_IMG_WV_cropped.tif' not recognized as being in a supported file format."
2025-08-09 12:43:46,930 - WARNING - [WARNING] Crop failed for C:\Users\Lalit Hire\OneDrive\Desktop\app_test\aep_data\raw\Haryana\2022\3RIMG_01JAN2021_0830_L1B_STD_V01R00_IMG_WV_cropped.tif: 'C:\Users\Lalit Hire\OneDrive\Desktop\app_test\aep_data\raw\Haryana\2022\3RIMG_01JAN2021_0830_L1B_STD_V01R00_IMG_WV_cropped.tif' not recognized as being in a supported file format.
2025-08-09 12:43:46,932 - INFO - GDAL signalled an error: err_no=4, msg="`C:\\Users\\Lalit Hire\\OneDrive\\Desktop\\app_test\\aep_data\\raw\\Haryana\\2022\\3RIMG_01JAN2021_0815_L1B_STD_V01R00_IMG_TIR1_cropped.tif' not recognized as being in a supported file format."
2025-08-09 12:43:46,933 - WARNING - [WARNING] Crop failed for C:\Users\Lalit Hire\OneDrive\Desktop\app_test\aep_data\raw\Haryana\2022\3RIMG_01JAN2021_0815_L1B_STD_V01R00_IMG_TIR1_cropped.tif: 'C:\Users\Lalit Hire\OneDrive\Desktop\app_test\aep_data\raw\Haryana\2022\3RIMG_01JAN2021_0815_L1B_STD_V01R00_IMG_TIR1_cropped.tif' not recognized as being in a supported file format.
2025-08-09 12:43:46,936 - INFO - GDAL signalled an error: err_no=4, msg="`C:\\Users\\Lalit Hire\\OneDrive\\Desktop\\app_test\\aep_data\\raw\\Haryana\\2022\\3RIMG_01JAN2021_0830_L1B_STD_V01R00_IMG_WV_cropped.tif' not recognized as being in a supported file format."
2025-08-09 12:43:46,936 - WARNING - [WARNING] Crop failed for C:\Users\Lalit Hire\OneDrive\Desktop\app_test\aep_data\raw\Haryana\2022\3RIMG_01JAN2021_0830_L1B_STD_V01R00_IMG_WV_cropped.tif: 'C:\Users\Lalit Hire\OneDrive\Desktop\app_test\aep_data\raw\Haryana\2022\3RIMG_01JAN2021_0830_L1B_STD_V01R00_IMG_WV_cropped.tif' not recognized as being in a supported file format.
2025-08-09 12:43:46,938 - INFO - [CROPPED] 0 images for HR009
2025-08-09 12:43:46,943 - INFO - [STATE] Processing Karnataka (5 stations)
2025-08-09 12:43:46,949 - INFO - [STATE] Processing Maharashtra (5 stations)
